
> lumbung@0.1.0 build
> next build

 ΓÜá Warning: Next.js inferred your workspace root, but it may not be correct.
 We detected multiple lockfiles and selected the directory of C:\laragon\www\package-lock.json as the root directory.
 To silence this warning, set `turbopack.root` in your Next.js config, or consider removing one of the lockfiles if it's not needed.
   See https://nextjs.org/docs/app/api-reference/config/next-config-js/turbopack#root-directory for more information.
 Detected additional lockfiles: 
   * C:\laragon\www\lumbung\package-lock.json

   Γû▓ Next.js 16.0.7 (Turbopack)
   - Environments: .env

   Creating an optimized production build ...
 Γ£ô Compiled successfully in 15.7s
   Running TypeScript ...
   Collecting page data using 15 workers ...
[Performance] Using Memory Cache
[Performance] Using Memory Cache
[Performance] Using Memory Cache
   Generating static pages using 15 workers (0/4) ...
   Generating static pages using 15 workers (1/4) 
   Generating static pages using 15 workers (2/4) 
   Generating static pages using 15 workers (3/4) 
 Γ£ô Generating static pages using 15 workers (4/4) in 721.9ms
   Finalizing page optimization ...

Route (app)
Γöî Γùï /_not-found
Γö£ ╞Æ /[locale]
Γö£ ╞Æ /[locale]/about
Γö£ ╞Æ /[locale]/customers
Γö£ ╞Æ /[locale]/dashboard
Γö£ ╞Æ /[locale]/help
Γö£ ╞Æ /[locale]/inventory
Γö£ ╞Æ /[locale]/login
Γö£ ╞Æ /[locale]/pricing
Γö£ ╞Æ /[locale]/purchase-orders
Γö£ ╞Æ /[locale]/purchase-orders/[id]
Γö£ ╞Æ /[locale]/purchase-orders/new
Γö£ ╞Æ /[locale]/register
Γö£ ╞Æ /[locale]/sales-orders
Γö£ ╞Æ /[locale]/sales-orders/[id]
Γö£ ╞Æ /[locale]/sales-orders/[id]/invoice
Γö£ ╞Æ /[locale]/sales-orders/new
Γö£ ╞Æ /[locale]/settings
Γö£ ╞Æ /[locale]/settings/billing
Γö£ ╞Æ /[locale]/superadmin
Γö£ ╞Æ /[locale]/superadmin/organizations
Γö£ ╞Æ /[locale]/superadmin/organizations/[id]
Γö£ ╞Æ /[locale]/superadmin/users
Γö£ ╞Æ /[locale]/suppliers
Γö£ ╞Æ /api/auth/[...nextauth]
Γöö ╞Æ /api/auth/register


╞Æ Proxy (Middleware)

Γùï  (Static)   prerendered as static content
╞Æ  (Dynamic)  server-rendered on demand

