
> lumbung@0.1.0 build
> next build

 ΓÜá Warning: Next.js inferred your workspace root, but it may not be correct.
 We detected multiple lockfiles and selected the directory of C:\laragon\www\package-lock.json as the root directory.
 To silence this warning, set `turbopack.root` in your Next.js config, or consider removing one of the lockfiles if it's not needed.
   See https://nextjs.org/docs/app/api-reference/config/next-config-js/turbopack#root-directory for more information.
 Detected additional lockfiles: 
   * C:\laragon\www\lumbung\package-lock.json

   Γû▓ Next.js 16.0.7 (Turbopack)
   - Environments: .env

 ΓÜá The "middleware" file convention is deprecated. Please use "proxy" instead. Learn more: https://nextjs.org/docs/messages/middleware-to-proxy
   Creating an optimized production build ...

> Build error occurred
Error: Turbopack build failed with 1 errors:
./lumbung/src/middleware.ts:7:1
Module not found: Can't resolve './src/i18n/routing'
   5 | import { authConfig } from '@/lib/auth.config';
   6 | import createMiddleware from 'next-intl/middleware';
>  7 | import { routing } from './src/i18n/routing';
     | ^^^^^^^^^^^^^^^^^^^^^^^^^^^^^^^^^^^^^^^^^^^^^
   8 |
   9 | const { auth } = NextAuth(authConfig);
  10 | const intlMiddleware = createMiddleware(routing);



https://nextjs.org/docs/messages/module-not-found


    at <unknown> (./lumbung/src/middleware.ts:7:1)
    at <unknown> (https://nextjs.org/docs/messages/module-not-found)
